<?xml version="1.0" encoding="UTF-8"?>
<testsuite xmlns:xsi="http://www.w3.org/2001/XMLSchema-instance" xsi:noNamespaceSchemaLocation="https://maven.apache.org/surefire/maven-surefire-plugin/xsd/surefire-test-report.xsd" name="server.AppTest" time="0.013" tests="1" errors="0" skipped="0" failures="0">
  <properties>
    <property name="java.specification.version" value="20"/>
    <property name="sun.cpu.isalist" value="amd64"/>
    <property name="sun.jnu.encoding" value="Cp1252"/>
    <property name="java.class.path" value="C:\Users\a\Desktop\UDEM\Trimestre 2\IFT 1025\TP2\IFT1025-TP2-server-main\target\test-classes;C:\Users\a\Desktop\UDEM\Trimestre 2\IFT 1025\TP2\IFT1025-TP2-server-main\target\classes;C:\Users\a\.m2\repository\junit\junit\4.11\junit-4.11.jar;C:\Users\a\.m2\repository\org\hamcrest\hamcrest-core\1.3\hamcrest-core-1.3.jar;C:\Users\a\.m2\repository\org\openjfx\javafx-fxml\13\javafx-fxml-13.jar;C:\Users\a\.m2\repository\org\openjfx\javafx-fxml\13\javafx-fxml-13-win.jar;C:\Users\a\.m2\repository\org\openjfx\javafx-controls\13\javafx-controls-13.jar;C:\Users\a\.m2\repository\org\openjfx\javafx-controls\13\javafx-controls-13-win.jar;C:\Users\a\.m2\repository\org\openjfx\javafx-graphics\13\javafx-graphics-13.jar;C:\Users\a\.m2\repository\org\openjfx\javafx-graphics\13\javafx-graphics-13-win.jar;C:\Users\a\.m2\repository\org\openjfx\javafx-base\13\javafx-base-13.jar;C:\Users\a\.m2\repository\org\openjfx\javafx-base\13\javafx-base-13-win.jar;"/>
    <property name="java.vm.vendor" value="Oracle Corporation"/>
    <property name="sun.arch.data.model" value="64"/>
    <property name="user.variant" value=""/>
    <property name="java.vendor.url" value="https://java.oracle.com/"/>
    <property name="user.timezone" value="America/New_York"/>
    <property name="os.name" value="Windows 11"/>
    <property name="java.vm.specification.version" value="20"/>
    <property name="user.country" value="FR"/>
    <property name="sun.java.launcher" value="SUN_STANDARD"/>
    <property name="sun.boot.library.path" value="C:\Program Files\Java\jdk-20\bin"/>
    <property name="sun.java.command" value="C:\Users\a\AppData\Local\Temp\surefire1052459201429924523\surefirebooter1794784012021562937.jar C:\Users\a\AppData\Local\Temp\surefire1052459201429924523 2023-04-10T02-49-20_910-jvmRun1 surefire9213200595198060985tmp surefire_016297755438636457567tmp"/>
    <property name="jdk.debug" value="release"/>
    <property name="surefire.test.class.path" value="C:\Users\a\Desktop\UDEM\Trimestre 2\IFT 1025\TP2\IFT1025-TP2-server-main\target\test-classes;C:\Users\a\Desktop\UDEM\Trimestre 2\IFT 1025\TP2\IFT1025-TP2-server-main\target\classes;C:\Users\a\.m2\repository\junit\junit\4.11\junit-4.11.jar;C:\Users\a\.m2\repository\org\hamcrest\hamcrest-core\1.3\hamcrest-core-1.3.jar;C:\Users\a\.m2\repository\org\openjfx\javafx-fxml\13\javafx-fxml-13.jar;C:\Users\a\.m2\repository\org\openjfx\javafx-fxml\13\javafx-fxml-13-win.jar;C:\Users\a\.m2\repository\org\openjfx\javafx-controls\13\javafx-controls-13.jar;C:\Users\a\.m2\repository\org\openjfx\javafx-controls\13\javafx-controls-13-win.jar;C:\Users\a\.m2\repository\org\openjfx\javafx-graphics\13\javafx-graphics-13.jar;C:\Users\a\.m2\repository\org\openjfx\javafx-graphics\13\javafx-graphics-13-win.jar;C:\Users\a\.m2\repository\org\openjfx\javafx-base\13\javafx-base-13.jar;C:\Users\a\.m2\repository\org\openjfx\javafx-base\13\javafx-base-13-win.jar;"/>
    <property name="sun.cpu.endian" value="little"/>
    <property name="user.home" value="C:\Users\a"/>
    <property name="user.language" value="fr"/>
    <property name="java.specification.vendor" value="Oracle Corporation"/>
    <property name="java.version.date" value="2023-03-21"/>
    <property name="java.home" value="C:\Program Files\Java\jdk-20"/>
    <property name="file.separator" value="\"/>
    <property name="basedir" value="C:\Users\a\Desktop\UDEM\Trimestre 2\IFT 1025\TP2\IFT1025-TP2-server-main"/>
    <property name="java.vm.compressedOopsMode" value="Zero based"/>
    <property name="line.separator" value="&#10;"/>
    <property name="java.vm.specification.vendor" value="Oracle Corporation"/>
    <property name="java.specification.name" value="Java Platform API Specification"/>
    <property name="surefire.real.class.path" value="C:\Users\a\AppData\Local\Temp\surefire1052459201429924523\surefirebooter1794784012021562937.jar"/>
    <property name="user.script" value=""/>
    <property name="sun.management.compiler" value="HotSpot 64-Bit Tiered Compilers"/>
    <property name="java.runtime.version" value="20+36-2344"/>
    <property name="user.name" value="a"/>
    <property name="stdout.encoding" value="Cp1252"/>
    <property name="path.separator" value=";"/>
    <property name="os.version" value="10.0"/>
    <property name="java.runtime.name" value="Java(TM) SE Runtime Environment"/>
    <property name="file.encoding" value="UTF-8"/>
    <property name="java.vm.name" value="Java HotSpot(TM) 64-Bit Server VM"/>
    <property name="maven.ext.class.path" value="C:\Program Files\NetBeans-17\netbeans\java\maven-nblib\netbeans-eventspy.jar"/>
    <property name="localRepository" value="C:\Users\a\.m2\repository"/>
    <property name="java.vendor.url.bug" value="https://bugreport.java.com/bugreport/"/>
    <property name="java.io.tmpdir" value="C:\Users\a\AppData\Local\Temp\"/>
    <property name="java.version" value="20"/>
    <property name="user.dir" value="C:\Users\a\Desktop\UDEM\Trimestre 2\IFT 1025\TP2\IFT1025-TP2-server-main"/>
    <property name="os.arch" value="amd64"/>
    <property name="java.vm.specification.name" value="Java Virtual Machine Specification"/>
    <property name="sun.os.patch.level" value=""/>
    <property name="native.encoding" value="Cp1252"/>
    <property name="java.library.path" value="C:\Program Files\Java\jdk-20\bin;C:\WINDOWS\Sun\Java\bin;C:\WINDOWS\system32;C:\WINDOWS;C:\Program Files\Common Files\Oracle\Java\javapath;C:\Program Files (x86)\VMware\VMware Workstation\bin\;C:\Program Files\Microsoft\jdk-11.0.12.7-hotspot\bin;C:\Windows\system32;C:\Windows;C:\Windows\System32\Wbem;C:\Windows\System32\WindowsPowerShell\v1.0\;C:\Windows\System32\OpenSSH\;C:\Program Files\Microsoft SQL Server\150\Tools\Binn\;C:\Program Files\Microsoft SQL Server\Client SDK\ODBC\170\Tools\Binn\;C:\WINDOWS\system32;C:\WINDOWS;C:\WINDOWS\System32\Wbem;C:\WINDOWS\System32\WindowsPowerShell\v1.0\;C:\WINDOWS\System32\OpenSSH\;C:\Program Files\dotnet\;C:\Program Files\Git\cmd;C:\Users\a\AppData\Local\Microsoft\WindowsApps;C:\Users\a\AppData\Local\Programs\Microsoft VS Code\bin;C:\Users\a\.dotnet\tools;C:\intelFPGA_lite\22.1std\questa_fse\win64;C:\Users\a\AppData\Local\GitHubDesktop\bin;."/>
    <property name="java.vm.info" value="mixed mode, sharing"/>
    <property name="stderr.encoding" value="Cp1252"/>
    <property name="java.vendor" value="Oracle Corporation"/>
    <property name="java.vm.version" value="20+36-2344"/>
    <property name="sun.io.unicode.encoding" value="UnicodeLittle"/>
    <property name="java.class.version" value="64.0"/>
  </properties>
  <testcase name="shouldAnswerWithTrue" classname="server.AppTest" time="0.002"/>
</testsuite>